<?xml version="1.0" encoding="UTF-8"?>
<!-- Generated by org.testng.reporters.JUnitReportReporter -->
<testsuite skipped="0" hostname="sagars-MBP" name="RestAssuredApiTesting.aRestAssuredApiTesting.TC004_GET_AllHeaders" tests="1" failures="0" timestamp="29 Sep 2019 05:37:29 GMT" time="6.144" errors="0">
  <testcase name="GetWeatherDetailsOfAllHeaders" time="6.144" classname="RestAssuredApiTesting.aRestAssuredApiTesting.TC004_GET_AllHeaders"/>
</testsuite> <!-- RestAssuredApiTesting.aRestAssuredApiTesting.TC004_GET_AllHeaders -->
