<?xml version="1.0" encoding="UTF-8"?>
<!-- Generated by org.testng.reporters.JUnitReportReporter -->
<testsuite skipped="0" hostname="sagars-MBP" name="RestAssuredApiTesting.aRestAssuredApiTesting.TC001_GET_Request" tests="1" failures="0" timestamp="29 Sep 2019 05:24:35 GMT" time="5.306" errors="0">
  <testcase name="getWeatherDetails" time="5.306" classname="RestAssuredApiTesting.aRestAssuredApiTesting.TC001_GET_Request"/>
</testsuite> <!-- RestAssuredApiTesting.aRestAssuredApiTesting.TC001_GET_Request -->
