<?xml version="1.0" encoding="UTF-8"?>
<!-- Generated by org.testng.reporters.JUnitReportReporter -->
<testsuite skipped="0" hostname="sagars-MBP" name="RestAssuredApiTesting.aRestAssuredApiTesting.TC006_GET_Authentication" tests="1" failures="0" timestamp="29 Sep 2019 06:34:15 GMT" time="2.623" errors="0">
  <testcase name="GetWeatherDetailsOfAllHeaders" time="2.623" classname="RestAssuredApiTesting.aRestAssuredApiTesting.TC006_GET_Authentication"/>
</testsuite> <!-- RestAssuredApiTesting.aRestAssuredApiTesting.TC006_GET_Authentication -->
